2026-01-08 17:22:48 error: GET /api/ 404 - Not Found
2026-01-08 17:24:05 error: GET /api/ 404 - Not Found
2026-01-08 17:40:30 error: GET /api/v1/ 404 - Not Found
2026-01-08 17:51:55 error: GET /api/v1/auth/login 404 - Not Found
2026-01-08 17:52:00 error: GET /api/v1/auth/login 404 - Not Found
2026-01-08 17:52:11 error: POST /api/v1/auth/sign-up 500 - 
Invalid `prisma.user.create()` invocation in
C:\Users\pavii\Desktop\Todo\src\services\user.service.ts:11:37

   8 
   9 const createUserService = async (userData: UserData) => {
  10   const hashedPassword = await bcrypt.hash(userData.password, 10);
→ 11   const newUser = await prisma.user.create(
Unique constraint failed on the fields: (`email`)
2026-01-08 17:53:47 error: POST /api/v1/auth/login 404 - Invalid credentials
2026-01-08 17:54:56 error: POST /api/v1/auth/login 404 - Invalid credentials
2026-01-08 17:56:21 error: POST /api/v1/auth/login 401 - Invalid credentials
2026-01-08 18:03:57 error: POST /api/v1/auth/login 404 - Invalid credentials
2026-01-08 18:08:01 [32minfo[39m: [32m{"method":"POST","url":"/api/v1/auth/login","status":"200","responseTime":"454.972"}[39m
2026-01-08 18:08:09 [31merror[39m: [31mPOST /api/v1/auth/login 404 - Invalid credentials[39m
2026-01-08 18:08:09 [32minfo[39m: [32m{"method":"POST","url":"/api/v1/auth/login","status":"404","responseTime":"40.383"}[39m
2026-01-08 18:08:17 [32minfo[39m: [32m{"method":"POST","url":"/api/v1/auth/login","status":"200","responseTime":"104.192"}[39m
2026-01-08 18:23:43 [32minfo[39m: [32m{"method":"POST","url":"/api/v1/auth/sign-up","status":"400","responseTime":"2.776"}[39m
2026-01-08 18:24:03 [32minfo[39m: [32m{"method":"POST","url":"/api/v1/auth/sign-up","status":"400","responseTime":"0.674"}[39m
2026-01-08 18:24:49 [32minfo[39m: [32m{"method":"POST","url":"/api/v1/auth/sign-up","status":"201","responseTime":"432.919"}[39m
2026-01-08 18:25:05 [32minfo[39m: [32m{"method":"POST","url":"/api/v1/auth/login","status":"200","responseTime":"264.335"}[39m
2026-01-08 18:25:19 [31merror[39m: [31mPOST /api/v1/auth/login 404 - Invalid credentials[39m
2026-01-08 18:25:19 [32minfo[39m: [32m{"method":"POST","url":"/api/v1/auth/login","status":"404","responseTime":"250.046"}[39m
2026-01-08 18:27:37 [31merror[39m: [31mPOST /api/v1/auth/login 404 - Invalid credentials[39m
2026-01-08 18:27:37 [32minfo[39m: [32m{"method":"POST","url":"/api/v1/auth/login","status":"404","responseTime":"416.736"}[39m
2026-01-08 18:28:59 [32minfo[39m: [32m{"method":"POST","url":"/api/v1/auth/login","status":"200","responseTime":"325.825"}[39m
2026-01-08 18:41:01 [32minfo[39m: [32m{"method":"POST","url":"/api/v1/create","status":"400","responseTime":"10.909"}[39m
2026-01-08 18:41:19 [32minfo[39m: [32m{"method":"POST","url":"/api/v1/create","status":"400","responseTime":"6.589"}[39m
2026-01-08 18:41:44 [32minfo[39m: [32m{"method":"POST","url":"/api/v1/create","status":"400","responseTime":"7.869"}[39m
2026-01-08 18:45:07 [32minfo[39m: [32m{"method":"POST","url":"/api/v1/create","status":"400","responseTime":"2.626"}[39m
2026-01-08 18:49:16 [32minfo[39m: [32m{"method":"POST","url":"/api/v1/create","status":"400","responseTime":"6.851"}[39m
2026-01-08 18:49:49 [31merror[39m: [31mPOST /api/v1/create 400 - Unexpected token '}', ..."leted": [39m
[31m}" is not valid JSON[39m
2026-01-08 18:49:58 [32minfo[39m: [32m{"method":"POST","url":"/api/v1/create","status":"400","responseTime":"1.515"}[39m
2026-01-08 18:50:09 [32minfo[39m: [32m{"method":"POST","url":"/api/v1/create","status":"201","responseTime":"1406.480"}[39m
2026-01-08 18:51:02 [32minfo[39m: [32m{"method":"PATCH","url":"/api/v1/todo/b905984e-498a-4ea3-a1b8-06f3b7c62c64","status":"200","responseTime":"553.197"}[39m
2026-01-08 18:56:16 [31merror[39m: [31mPATCH /api/v1/create 404 - Not Found[39m
2026-01-08 18:56:16 [32minfo[39m: [32m{"method":"PATCH","url":"/api/v1/create","status":"404","responseTime":"9.910"}[39m
2026-01-08 18:56:36 [31merror[39m: [31mPATCH /api/v1/todo 404 - Not Found[39m
2026-01-08 18:56:36 [32minfo[39m: [32m{"method":"PATCH","url":"/api/v1/todo","status":"404","responseTime":"2.364"}[39m
2026-01-08 18:56:49 [32minfo[39m: [32m{"method":"GET","url":"/api/v1/todo","status":"200","responseTime":"368.569"}[39m
2026-01-08 21:10:04 [31merror[39m: [31mRedis Connection Error: AggregateError[39m
2026-01-08 21:10:04 [31merror[39m: [31mRedis Connection Error: AggregateError[39m
2026-01-08 21:10:04 [31merror[39m: [31mRedis Connection Error: AggregateError[39m
2026-01-08 21:10:04 [31merror[39m: [31mRedis Connection Error: AggregateError[39m
2026-01-08 21:10:04 [31merror[39m: [31mRedis Connection Error: AggregateError[39m
2026-01-08 21:10:05 [31merror[39m: [31mRedis Connection Error: AggregateError[39m
2026-01-08 21:10:05 [31merror[39m: [31mRedis Connection Error: AggregateError[39m
2026-01-08 21:10:05 [31merror[39m: [31mRedis Connection Error: AggregateError[39m
2026-01-08 21:10:06 [31merror[39m: [31mRedis Connection Error: AggregateError[39m
2026-01-08 21:10:06 [31merror[39m: [31mRedis Connection Error: AggregateError[39m
2026-01-08 21:10:07 [31merror[39m: [31mRedis Connection Error: AggregateError[39m
2026-01-08 21:10:07 [31merror[39m: [31mRedis Connection Error: AggregateError[39m
2026-01-08 21:10:08 [31merror[39m: [31mRedis Connection Error: AggregateError[39m
2026-01-08 21:10:09 [31merror[39m: [31mRedis Connection Error: AggregateError[39m
2026-01-08 21:10:09 [31merror[39m: [31mRedis Connection Error: AggregateError[39m
2026-01-08 21:10:10 [31merror[39m: [31mRedis Connection Error: AggregateError[39m
2026-01-08 21:10:11 [31merror[39m: [31mRedis Connection Error: AggregateError[39m
2026-01-08 21:10:11 [31merror[39m: [31mRedis Connection Error: AggregateError[39m
2026-01-08 21:10:12 [31merror[39m: [31mRedis Connection Error: AggregateError[39m
2026-01-08 21:10:12 [31merror[39m: [31mRedis Connection Error: AggregateError[39m
2026-01-08 21:10:12 [31merror[39m: [31mRedis Connection Error: AggregateError[39m
2026-01-08 21:10:12 [31merror[39m: [31mRedis Connection Error: AggregateError[39m
2026-01-08 21:10:36 [31merror[39m: [31mRedis Connection Error: AggregateError[39m
2026-01-08 21:10:36 [31merror[39m: [31mRedis Connection Error: AggregateError[39m
2026-01-08 21:10:36 [31merror[39m: [31mRedis Connection Error: AggregateError[39m
2026-01-08 21:10:36 [31merror[39m: [31mRedis Connection Error: AggregateError[39m
2026-01-08 21:10:36 [31merror[39m: [31mRedis Connection Error: AggregateError[39m
2026-01-08 21:10:37 [31merror[39m: [31mRedis Connection Error: AggregateError[39m
2026-01-08 21:10:37 [31merror[39m: [31mRedis Connection Error: AggregateError[39m
2026-01-08 21:11:47 [31merror[39m: [31mRedis Connection Error: Error: connect EPERM /[39m
2026-01-08 21:11:47 [31merror[39m: [31mRedis Connection Error: Error: connect EPERM /[39m
2026-01-08 21:11:47 [31merror[39m: [31mRedis Connection Error: Error: connect EPERM /[39m
2026-01-08 21:11:47 [31merror[39m: [31mRedis Connection Error: Error: connect EPERM /[39m
2026-01-08 21:11:47 [31merror[39m: [31mRedis Connection Error: Error: connect EPERM /[39m
2026-01-08 21:11:47 [31merror[39m: [31mRedis Connection Error: Error: connect EPERM /[39m
2026-01-08 21:11:48 [31merror[39m: [31mRedis Connection Error: Error: connect EPERM /[39m
2026-01-08 21:11:48 [31merror[39m: [31mRedis Connection Error: Error: connect EPERM /[39m
2026-01-08 21:11:48 [31merror[39m: [31mRedis Connection Error: Error: connect EPERM /[39m
2026-01-08 21:11:49 [31merror[39m: [31mRedis Connection Error: Error: connect EPERM /[39m
2026-01-08 21:11:49 [31merror[39m: [31mRedis Connection Error: Error: connect EPERM /[39m
2026-01-08 21:21:35 [32minfo[39m: [32m{"method":"GET","url":"/health","status":"503","responseTime":"5167.149"}[39m
2026-01-08 21:34:52 [32minfo[39m: [32m{"method":"GET","url":"/health","status":"503","responseTime":"4642.607"}[39m
2026-01-08 21:35:01 [32minfo[39m: [32m{"method":"GET","url":"/health","status":"200","responseTime":"194.131"}[39m
2026-01-08 21:35:13 [32minfo[39m: [32m{"method":"GET","url":"/health","status":"503","responseTime":"4379.567"}[39m
2026-01-08 21:39:09 [32minfo[39m: [32m{"method":"GET","url":"/health","status":"503","responseTime":"4709.424"}[39m
2026-01-08 21:55:58 [32minfo[39m: [32m{"method":"GET","url":"/health","status":"503","responseTime":"4691.561"}[39m
2026-01-08 21:58:16 [32minfo[39m: [32m{"method":"GET","url":"/health","status":"200","responseTime":"182.190"}[39m
2026-01-08 21:58:19 [32minfo[39m: [32m{"method":"GET","url":"/health","status":"200","responseTime":"22.801"}[39m
2026-01-08 21:58:51 [32minfo[39m: [32m{"method":"GET","url":"/health","status":"503","responseTime":"4696.021"}[39m
2026-01-08 22:00:22 [32minfo[39m: [32m{"method":"GET","url":"/health","status":"503","responseTime":"4575.288"}[39m
2026-01-08 22:04:52 [32minfo[39m: [32m{"method":"GET","url":"/health","status":"503","responseTime":"4652.010"}[39m
2026-01-08 22:30:22 [32minfo[39m: [32m{"method":"GET","url":"/health","status":"503","responseTime":"5088.478"}[39m
2026-01-08 22:33:42 [32minfo[39m: [32m{"method":"GET","url":"/health","status":"503","responseTime":"4622.326"}[39m
2026-01-08 22:37:30 [32minfo[39m: [32m{"method":"GET","url":"/health","status":"200","responseTime":"471.635"}[39m
2026-01-08 22:39:49 [32minfo[39m: [32m{"method":"GET","url":"/health","status":"200","responseTime":"452.302"}[39m
2026-01-08 22:42:44 [32minfo[39m: [32m{"method":"POST","url":"/api/v1/auth/login","status":"200","responseTime":"394.937"}[39m
2026-01-08 22:43:37 [31merror[39m: [31mPOST /api/v1/create 500 - Failed to create todo[39m
2026-01-08 22:43:37 [32minfo[39m: [32m{"method":"POST","url":"/api/v1/create","status":"500","responseTime":"4483.166"}[39m
2026-01-08 22:45:01 [31merror[39m: [31mPOST /api/v1/create 500 - Failed to create todo[39m
2026-01-08 22:45:01 [32minfo[39m: [32m{"method":"POST","url":"/api/v1/create","status":"500","responseTime":"4774.905"}[39m
2026-01-08 22:46:22 [32minfo[39m: [32m{"method":"POST","url":"/api/v1/create","status":"201","responseTime":"287.688"}[39m
2026-01-08 22:46:31 [32minfo[39m: [32m{"method":"POST","url":"/api/v1/create","status":"201","responseTime":"35.983"}[39m
2026-01-08 22:46:41 [32minfo[39m: [32m{"method":"POST","url":"/api/v1/create","status":"201","responseTime":"32.920"}[39m
2026-01-08 22:46:50 [32minfo[39m: [32m{"method":"POST","url":"/api/v1/create","status":"201","responseTime":"31.496"}[39m
2026-01-08 22:46:58 [32minfo[39m: [32m{"method":"POST","url":"/api/v1/create","status":"201","responseTime":"26.422"}[39m
2026-01-08 22:47:06 [32minfo[39m: [32m{"method":"POST","url":"/api/v1/create","status":"201","responseTime":"25.813"}[39m
2026-01-08 22:47:27 [31merror[39m: [31mPOST /api/v1/todo 404 - Not Found[39m
2026-01-08 22:47:27 [32minfo[39m: [32m{"method":"POST","url":"/api/v1/todo","status":"404","responseTime":"5.073"}[39m
2026-01-08 22:47:59 [31merror[39m: [31mPOST /api/v1/todo 404 - Not Found[39m
2026-01-08 22:47:59 [32minfo[39m: [32m{"method":"POST","url":"/api/v1/todo","status":"404","responseTime":"9.022"}[39m
2026-01-08 22:48:24 [31merror[39m: [31mPOST /api/v1/todo 404 - Not Found[39m
2026-01-08 22:48:24 [32minfo[39m: [32m{"method":"POST","url":"/api/v1/todo","status":"404","responseTime":"7.677"}[39m
2026-01-08 22:51:22 [31merror[39m: [31mPOST /api/v1/todo 404 - Not Found[39m
2026-01-08 22:51:22 [32minfo[39m: [32m{"method":"POST","url":"/api/v1/todo","status":"404","responseTime":"10.300"}[39m
2026-01-08 22:52:04 [31merror[39m: [31mPOST /api/v1/todo 404 - Not Found[39m
2026-01-08 22:52:04 [32minfo[39m: [32m{"method":"POST","url":"/api/v1/todo","status":"404","responseTime":"9.398"}[39m
2026-01-08 22:52:06 [31merror[39m: [31mPOST /api/v1/todo 404 - Not Found[39m
2026-01-08 22:52:06 [32minfo[39m: [32m{"method":"POST","url":"/api/v1/todo","status":"404","responseTime":"2.185"}[39m
2026-01-08 22:52:59 [31merror[39m: [31mPOST /api/v1/todo 404 - Not Found[39m
2026-01-08 22:52:59 [32minfo[39m: [32m{"method":"POST","url":"/api/v1/todo","status":"404","responseTime":"7.505"}[39m
2026-01-08 22:53:14 [32minfo[39m: [32m{"method":"GET","url":"/api/v1/todo","status":"200","responseTime":"274.428"}[39m
2026-01-08 22:54:13 [32minfo[39m: [32m{"method":"GET","url":"/api/v1/todo","status":"200","responseTime":"204.850"}[39m
2026-01-08 23:01:56 [32minfo[39m: [32m{"method":"GET","url":"/health","status":"200","responseTime":"403.031"}[39m
2026-01-08 23:04:46 [32minfo[39m: [32m{"method":"GET","url":"/health","status":"200","responseTime":"310.196"}[39m
2026-01-08 23:04:59 [32minfo[39m: [32m{"method":"GET","url":"/api/v1/todo","status":"200","responseTime":"175.969"}[39m
2026-01-08 23:05:04 [32minfo[39m: [32m{"method":"GET","url":"/api/v1/todo","status":"200","responseTime":"29.341"}[39m
2026-01-08 23:05:08 [32minfo[39m: [32m{"method":"GET","url":"/api/v1/todo","status":"200","responseTime":"25.085"}[39m
2026-01-08 23:05:22 [32minfo[39m: [32m{"method":"GET","url":"/api/v1/todo","status":"-","responseTime":"-"}[39m
2026-01-08 23:05:23 [32minfo[39m: [32m{"method":"GET","url":"/api/v1/todo","status":"200","responseTime":"27.500"}[39m
2026-01-08 23:05:24 [31merror[39m: [31mGET /api/v1/todo 429 - Too many requests, please try again in a minute.[39m
2026-01-08 23:06:25 [32minfo[39m: [32m{"method":"GET","url":"/api/v1/todo","status":"200","responseTime":"171.802"}[39m
2026-01-08 23:07:03 [32minfo[39m: [32m{"method":"GET","url":"/api/v1/todo","status":"200","responseTime":"217.789"}[39m
2026-01-08 23:07:49 [32minfo[39m: [32m{"method":"GET","url":"/api/v1/todo","status":"200","responseTime":"283.960"}[39m
2026-01-08 23:08:23 [32minfo[39m: [32m{"method":"GET","url":"/api/v1/todo","status":"200","responseTime":"197.852"}[39m
2026-01-08 23:22:46 [32minfo[39m: [32m{"method":"GET","url":"/api/v1/todo","status":"200","responseTime":"452.251"}[39m
2026-01-08 23:22:55 [32minfo[39m: [32m{"method":"GET","url":"/api/v1/todo","status":"200","responseTime":"73.386"}[39m
2026-01-08 23:23:08 [32minfo[39m: [32m{"method":"GET","url":"/api/v1/todo","status":"200","responseTime":"83.570"}[39m
2026-01-08 23:23:10 [32minfo[39m: [32m{"method":"GET","url":"/api/v1/todo","status":"200","responseTime":"26.048"}[39m
2026-01-08 23:23:11 [32minfo[39m: [32m{"method":"GET","url":"/api/v1/todo","status":"200","responseTime":"44.408"}[39m
2026-01-08 23:44:27 [32minfo[39m: [32m{"method":"GET","url":"/api-docs","status":"301","responseTime":"5.233"}[39m
2026-01-08 23:44:27 [32minfo[39m: [32m{"method":"GET","url":"/api-docs/","status":"200","responseTime":"4.195"}[39m
2026-01-08 23:44:27 [32minfo[39m: [32m{"method":"GET","url":"/api-docs/swagger-ui.css","status":"200","responseTime":"11.277"}[39m
2026-01-08 23:44:27 [32minfo[39m: [32m{"method":"GET","url":"/api-docs/swagger-ui-bundle.js","status":"200","responseTime":"7.045"}[39m
2026-01-08 23:44:27 [31merror[39m: [31mGET /api-docs/swagger-ui-init.js 429 - Too many requests, please try again in a minute.[39m
2026-01-08 23:44:27 [32minfo[39m: [32m{"method":"GET","url":"/api-docs/swagger-ui-standalone-preset.js","status":"200","responseTime":"9.070"}[39m
2026-01-08 23:44:27 [31merror[39m: [31mGET /api-docs/favicon-32x32.png 429 - Too many requests, please try again in a minute.[39m
2026-01-08 23:44:27 [31merror[39m: [31mGET /api-docs/favicon-16x16.png 429 - Too many requests, please try again in a minute.[39m
2026-01-09 18:44:04 [32minfo[39m: [32m{"method":"GET","url":"/api/v1","status":"401","responseTime":"1.771"}[39m
2026-01-09 18:44:04 [31merror[39m: [31mGET /favicon.ico 404 - Not Found[39m
2026-01-09 18:44:04 [32minfo[39m: [32m{"method":"GET","url":"/favicon.ico","status":"404","responseTime":"2.962"}[39m
2026-01-09 18:44:15 [32minfo[39m: [32m{"method":"GET","url":"/api/v1/api-docs","status":"401","responseTime":"0.240"}[39m
2026-01-09 18:55:50 [32minfo[39m: [32m{"method":"POST","url":"/api/v1/auth/login","status":"200","responseTime":"1601.944"}[39m
2026-01-09 19:19:05 [32minfo[39m: [32m{"method":"POST","url":"/api/v1/auth/login","status":"200","responseTime":"377.768"}[39m
2026-01-09 19:55:00 [32minfo[39m: [32m{"method":"GET","url":"/health","status":"200","responseTime":"283.933"}[39m
2026-01-09 19:55:12 [32minfo[39m: [32m{"method":"GET","url":"/health","status":"200","responseTime":"189.403"}[39m
2026-01-09 19:55:25 [32minfo[39m: [32m{"method":"GET","url":"/health","status":"200","responseTime":"240.508"}[39m
2026-01-09 19:55:27 [32minfo[39m: [32m{"method":"GET","url":"/health","status":"200","responseTime":"55.753"}[39m
2026-01-09 19:56:11 [32minfo[39m: [32m{"method":"GET","url":"/health","status":"200","responseTime":"579.526"}[39m
2026-01-09 19:56:14 [32minfo[39m: [32m{"method":"GET","url":"/health","status":"200","responseTime":"55.356"}[39m
2026-01-09 20:19:12 [32minfo[39m: [32m{"method":"POST","url":"/api/v1/auth/login","status":"200","responseTime":"323.944"}[39m
2026-01-09 20:19:18 [32minfo[39m: [32m{"method":"GET","url":"/health","status":"200","responseTime":"71.507"}[39m
2026-01-09 20:21:53 [32minfo[39m: [32m{"method":"GET","url":"/health","status":"503","responseTime":"4593.098"}[39m
2026-01-09 20:24:05 [32minfo[39m: [32m{"method":"GET","url":"/health/redis","status":"200","responseTime":"93.014"}[39m
2026-01-09 20:24:12 [32minfo[39m: [32m{"method":"GET","url":"/health/database","status":"200","responseTime":"247.434"}[39m
2026-01-09 20:24:19 [32minfo[39m: [32m{"method":"GET","url":"/health/redis","status":"200","responseTime":"80.704"}[39m
2026-01-09 20:24:34 [32minfo[39m: [32m{"method":"GET","url":"/health/database","status":"200","responseTime":"152.807"}[39m
2026-01-09 20:24:40 [32minfo[39m: [32m{"method":"GET","url":"/health/redis","status":"200","responseTime":"338.393"}[39m
2026-01-09 20:25:02 [32minfo[39m: [32m{"method":"GET","url":"/health/redis","status":"200","responseTime":"81.866"}[39m
2026-01-09 20:25:04 [31merror[39m: [31mGET /health/database 429 - Too many requests, please try again in a minute.[39m
2026-01-09 20:25:12 [31merror[39m: [31mGET /health/redis 429 - Too many requests, please try again in a minute.[39m
2026-01-09 20:25:36 [31merror[39m: [31mGET /health/redis 429 - Too many requests, please try again in a minute.[39m
2026-01-09 20:25:39 [31merror[39m: [31mGET /health/database 429 - Too many requests, please try again in a minute.[39m
2026-01-09 20:26:13 [32minfo[39m: [32m{"method":"GET","url":"/health/redis","status":"200","responseTime":"90.614"}[39m
2026-01-09 20:26:16 [32minfo[39m: [32m{"method":"GET","url":"/health/database","status":"200","responseTime":"231.972"}[39m
2026-01-09 20:39:03 [32minfo[39m: [32m{"method":"GET","url":"/health/database","status":"200","responseTime":"243.515"}[39m
2026-01-09 20:39:06 [32minfo[39m: [32m{"method":"GET","url":"/health/redis","status":"200","responseTime":"30.712"}[39m
2026-01-09 20:39:22 [32minfo[39m: [32m{"method":"GET","url":"/health/redis","status":"200","responseTime":"97.837"}[39m
2026-01-09 20:39:24 [32minfo[39m: [32m{"method":"GET","url":"/health/database","status":"200","responseTime":"206.426"}[39m
2026-01-09 20:43:26 [32minfo[39m: [32m{"method":"GET","url":"/health/database","status":"200","responseTime":"271.020"}[39m
2026-01-09 20:43:41 [32minfo[39m: [32m{"method":"GET","url":"/health/database","status":"200","responseTime":"181.568"}[39m
2026-01-09 20:58:45 [32minfo[39m: [32m{"method":"GET","url":"/health/redis","status":"200","responseTime":"98.764"}[39m
2026-01-09 20:58:49 [32minfo[39m: [32m{"method":"GET","url":"/health/database","status":"200","responseTime":"643.330"}[39m
2026-01-09 20:58:53 [32minfo[39m: [32m{"method":"POST","url":"/api/v1/auth/login","status":"200","responseTime":"112.189"}[39m
2026-01-09 20:59:13 [32minfo[39m: [32m{"method":"POST","url":"/api/v1/auth/login","status":"200","responseTime":"289.200"}[39m
2026-01-09 21:39:26 [32minfo[39m: [32m{"method":"GET","url":"/health/database","status":"200","responseTime":"214.199"}[39m
2026-01-09 21:39:30 [32minfo[39m: [32m{"method":"GET","url":"/health/redis","status":"200","responseTime":"92.828"}[39m
2026-01-09 21:39:36 [32minfo[39m: [32m{"method":"POST","url":"/api/v1/auth/login","status":"200","responseTime":"116.797"}[39m
