2026-01-08 17:22:48 error: GET /api/ 404 - Not Found
2026-01-08 17:24:05 error: GET /api/ 404 - Not Found
2026-01-08 17:40:30 error: GET /api/v1/ 404 - Not Found
2026-01-08 17:51:55 error: GET /api/v1/auth/login 404 - Not Found
2026-01-08 17:52:00 error: GET /api/v1/auth/login 404 - Not Found
2026-01-08 17:52:11 error: POST /api/v1/auth/sign-up 500 - 
Invalid `prisma.user.create()` invocation in
C:\Users\pavii\Desktop\Todo\src\services\user.service.ts:11:37

   8 
   9 const createUserService = async (userData: UserData) => {
  10   const hashedPassword = await bcrypt.hash(userData.password, 10);
→ 11   const newUser = await prisma.user.create(
Unique constraint failed on the fields: (`email`)
2026-01-08 17:53:47 error: POST /api/v1/auth/login 404 - Invalid credentials
2026-01-08 17:54:56 error: POST /api/v1/auth/login 404 - Invalid credentials
2026-01-08 17:56:21 error: POST /api/v1/auth/login 401 - Invalid credentials
2026-01-08 18:03:57 error: POST /api/v1/auth/login 404 - Invalid credentials
2026-01-08 18:08:09 [31merror[39m: [31mPOST /api/v1/auth/login 404 - Invalid credentials[39m
2026-01-08 18:25:19 [31merror[39m: [31mPOST /api/v1/auth/login 404 - Invalid credentials[39m
2026-01-08 18:27:37 [31merror[39m: [31mPOST /api/v1/auth/login 404 - Invalid credentials[39m
2026-01-08 18:28:44 [31merror[39m: [31mPOST /api/v1/auth/login 404 - Invalid credentials[39m
2026-01-08 18:49:49 [31merror[39m: [31mPOST /api/v1/create 400 - Unexpected token '}', ..."leted": [39m
[31m}" is not valid JSON[39m
2026-01-08 18:56:16 [31merror[39m: [31mPATCH /api/v1/create 404 - Not Found[39m
2026-01-08 18:56:36 [31merror[39m: [31mPATCH /api/v1/todo 404 - Not Found[39m
2026-01-08 21:10:04 [31merror[39m: [31mRedis Connection Error: AggregateError[39m
2026-01-08 21:10:04 [31merror[39m: [31mRedis Connection Error: AggregateError[39m
2026-01-08 21:10:04 [31merror[39m: [31mRedis Connection Error: AggregateError[39m
2026-01-08 21:10:04 [31merror[39m: [31mRedis Connection Error: AggregateError[39m
2026-01-08 21:10:04 [31merror[39m: [31mRedis Connection Error: AggregateError[39m
2026-01-08 21:10:05 [31merror[39m: [31mRedis Connection Error: AggregateError[39m
2026-01-08 21:10:05 [31merror[39m: [31mRedis Connection Error: AggregateError[39m
2026-01-08 21:10:05 [31merror[39m: [31mRedis Connection Error: AggregateError[39m
2026-01-08 21:10:06 [31merror[39m: [31mRedis Connection Error: AggregateError[39m
2026-01-08 21:10:06 [31merror[39m: [31mRedis Connection Error: AggregateError[39m
2026-01-08 21:10:07 [31merror[39m: [31mRedis Connection Error: AggregateError[39m
2026-01-08 21:10:07 [31merror[39m: [31mRedis Connection Error: AggregateError[39m
2026-01-08 21:10:08 [31merror[39m: [31mRedis Connection Error: AggregateError[39m
2026-01-08 21:10:09 [31merror[39m: [31mRedis Connection Error: AggregateError[39m
2026-01-08 21:10:09 [31merror[39m: [31mRedis Connection Error: AggregateError[39m
2026-01-08 21:10:10 [31merror[39m: [31mRedis Connection Error: AggregateError[39m
2026-01-08 21:10:11 [31merror[39m: [31mRedis Connection Error: AggregateError[39m
2026-01-08 21:10:11 [31merror[39m: [31mRedis Connection Error: AggregateError[39m
2026-01-08 21:10:12 [31merror[39m: [31mRedis Connection Error: AggregateError[39m
2026-01-08 21:10:12 [31merror[39m: [31mRedis Connection Error: AggregateError[39m
2026-01-08 21:10:12 [31merror[39m: [31mRedis Connection Error: AggregateError[39m
2026-01-08 21:10:12 [31merror[39m: [31mRedis Connection Error: AggregateError[39m
2026-01-08 21:10:36 [31merror[39m: [31mRedis Connection Error: AggregateError[39m
2026-01-08 21:10:36 [31merror[39m: [31mRedis Connection Error: AggregateError[39m
2026-01-08 21:10:36 [31merror[39m: [31mRedis Connection Error: AggregateError[39m
2026-01-08 21:10:36 [31merror[39m: [31mRedis Connection Error: AggregateError[39m
2026-01-08 21:10:36 [31merror[39m: [31mRedis Connection Error: AggregateError[39m
2026-01-08 21:10:37 [31merror[39m: [31mRedis Connection Error: AggregateError[39m
2026-01-08 21:10:37 [31merror[39m: [31mRedis Connection Error: AggregateError[39m
2026-01-08 21:11:47 [31merror[39m: [31mRedis Connection Error: Error: connect EPERM /[39m
2026-01-08 21:11:47 [31merror[39m: [31mRedis Connection Error: Error: connect EPERM /[39m
2026-01-08 21:11:47 [31merror[39m: [31mRedis Connection Error: Error: connect EPERM /[39m
2026-01-08 21:11:47 [31merror[39m: [31mRedis Connection Error: Error: connect EPERM /[39m
2026-01-08 21:11:47 [31merror[39m: [31mRedis Connection Error: Error: connect EPERM /[39m
2026-01-08 21:11:47 [31merror[39m: [31mRedis Connection Error: Error: connect EPERM /[39m
2026-01-08 21:11:48 [31merror[39m: [31mRedis Connection Error: Error: connect EPERM /[39m
2026-01-08 21:11:48 [31merror[39m: [31mRedis Connection Error: Error: connect EPERM /[39m
2026-01-08 21:11:48 [31merror[39m: [31mRedis Connection Error: Error: connect EPERM /[39m
2026-01-08 21:11:49 [31merror[39m: [31mRedis Connection Error: Error: connect EPERM /[39m
2026-01-08 21:11:49 [31merror[39m: [31mRedis Connection Error: Error: connect EPERM /[39m
2026-01-08 22:43:37 [31merror[39m: [31mPOST /api/v1/create 500 - Failed to create todo[39m
2026-01-08 22:45:01 [31merror[39m: [31mPOST /api/v1/create 500 - Failed to create todo[39m
2026-01-08 22:47:27 [31merror[39m: [31mPOST /api/v1/todo 404 - Not Found[39m
2026-01-08 22:47:59 [31merror[39m: [31mPOST /api/v1/todo 404 - Not Found[39m
2026-01-08 22:48:24 [31merror[39m: [31mPOST /api/v1/todo 404 - Not Found[39m
2026-01-08 22:51:22 [31merror[39m: [31mPOST /api/v1/todo 404 - Not Found[39m
2026-01-08 22:52:04 [31merror[39m: [31mPOST /api/v1/todo 404 - Not Found[39m
2026-01-08 22:52:06 [31merror[39m: [31mPOST /api/v1/todo 404 - Not Found[39m
2026-01-08 22:52:59 [31merror[39m: [31mPOST /api/v1/todo 404 - Not Found[39m
2026-01-08 23:05:24 [31merror[39m: [31mGET /api/v1/todo 429 - Too many requests, please try again in a minute.[39m
2026-01-08 23:44:27 [31merror[39m: [31mGET /api-docs/swagger-ui-init.js 429 - Too many requests, please try again in a minute.[39m
2026-01-08 23:44:27 [31merror[39m: [31mGET /api-docs/favicon-32x32.png 429 - Too many requests, please try again in a minute.[39m
2026-01-08 23:44:27 [31merror[39m: [31mGET /api-docs/favicon-16x16.png 429 - Too many requests, please try again in a minute.[39m
2026-01-09 18:44:04 [31merror[39m: [31mGET /favicon.ico 404 - Not Found[39m
2026-01-09 20:25:04 [31merror[39m: [31mGET /health/database 429 - Too many requests, please try again in a minute.[39m
2026-01-09 20:25:12 [31merror[39m: [31mGET /health/redis 429 - Too many requests, please try again in a minute.[39m
2026-01-09 20:25:36 [31merror[39m: [31mGET /health/redis 429 - Too many requests, please try again in a minute.[39m
2026-01-09 20:25:39 [31merror[39m: [31mGET /health/database 429 - Too many requests, please try again in a minute.[39m
2026-01-09 23:21:52 [31merror[39m: [31mrequest_failed Failed to login user[39m
2026-01-09 23:22:23 [31merror[39m: [31mrequest_failed Not Found[39m
2026-01-09 23:23:16 [31merror[39m: [31mGET /health/databasesd 404 - Not Found[39m
2026-01-09 23:32:00 [31merror[39m: [31mrequest_failed Not Found[39m
